<?xml version="1.0" encoding="UTF-8"?>
<TestRun id="d01539a6-5b25-46b5-a5d6-5a3191d8c56c" name="Daniyal@TWHRB 2013-07-30 14:00:55" runUser="TWHRB\Daniyal" xmlns="http://microsoft.com/schemas/VisualStudio/TeamTest/2010">
  <TestSettings name="Local" id="9804fb91-66ae-49a4-8703-db262fad3855">
    <Description>These are default test settings for a local test run.</Description>
    <Deployment userDeploymentRoot="D:\Work\IMKSDH\New2013\TestingProjects\UnitTesting\NUnitConsoleApplication01\TestResults" useDefaultDeploymentRoot="false" enabled="false" runDeploymentRoot="Daniyal_TWHRB 2013-07-30 14_00_55">
      <DeploymentItem filename="D:\Work\IMKSDH\New2013\TestingProjects\UnitTesting\NUnitConsoleApplication01\NUnitConsoleApplication01\bin\Debug\NUnitConsoleApplication01.exe" />
    </Deployment>
    <Execution>
      <TestTypeSpecific />
      <AgentRule name="Execution Agents">
      </AgentRule>
    </Execution>
  </TestSettings>
  <Times creation="2013-07-30T14:00:55.8380852-07:00" queuing="2013-07-30T14:00:55.9100893-07:00" start="2013-07-30T14:00:55.9430912-07:00" finish="2013-07-30T14:00:56.4211185-07:00" />
  <ResultSummary outcome="Completed">
    <Counters total="1" executed="1" passed="1" error="0" failed="0" timeout="0" aborted="0" inconclusive="0" passedButRunAborted="0" notRunnable="0" notExecuted="0" disconnected="0" warning="0" completed="0" inProgress="0" pending="0" />
  </ResultSummary>
  <TestDefinitions>
    <UnitTest name="AddTest" storage="d:\work\imksdh\new2013\testingprojects\unittesting\nunitconsoleapplication01\testproject\bin\debug\testproject.dll" id="97457210-4fce-f9b2-5f63-a58484b87828">
      <Execution id="6b6e46b5-bf2e-4099-8272-50acf6b004d9" />
      <TestMethod codeBase="D:/Work/IMKSDH/New2013/TestingProjects/UnitTesting/NUnitConsoleApplication01/TestProject/bin/Debug/TestProject.DLL" adapterTypeName="Microsoft.VisualStudio.TestTools.TestTypes.Unit.UnitTestAdapter, Microsoft.VisualStudio.QualityTools.Tips.UnitTest.Adapter, Version=10.0.0.0, Culture=neutral, PublicKeyToken=b03f5f7f11d50a3a" className="TestProject.UnitTest1, TestProject, Version=1.0.0.0, Culture=neutral, PublicKeyToken=null" name="AddTest" />
    </UnitTest>
  </TestDefinitions>
  <TestLists>
    <TestList name="Results Not in a List" id="8c84fa94-04c1-424b-9868-57a2d4851a1d" />
    <TestList name="All Loaded Results" id="19431567-8539-422a-85d7-44ee4e166bda" />
  </TestLists>
  <TestEntries>
    <TestEntry testId="97457210-4fce-f9b2-5f63-a58484b87828" executionId="6b6e46b5-bf2e-4099-8272-50acf6b004d9" testListId="8c84fa94-04c1-424b-9868-57a2d4851a1d" />
  </TestEntries>
  <Results>
    <UnitTestResult executionId="6b6e46b5-bf2e-4099-8272-50acf6b004d9" testId="97457210-4fce-f9b2-5f63-a58484b87828" testName="AddTest" computerName="TWHRB" duration="00:00:00.0181713" startTime="2013-07-30T14:00:55.9630924-07:00" endTime="2013-07-30T14:00:56.3521146-07:00" testType="13cdc9d9-ddb5-4fa4-a97d-d965ccfc6d4b" outcome="Passed" testListId="8c84fa94-04c1-424b-9868-57a2d4851a1d" relativeResultsDirectory="6b6e46b5-bf2e-4099-8272-50acf6b004d9">
    </UnitTestResult>
  </Results>
</TestRun>