<?xml version="1.0" encoding="UTF-8"?>
<TestRun id="61df8ba6-9c84-4d4c-acaf-a45479b966aa" name="Daniyal@TWHRB 2013-07-30 14:00:29" runUser="TWHRB\Daniyal" xmlns="http://microsoft.com/schemas/VisualStudio/TeamTest/2010">
  <TestSettings name="Local" id="9804fb91-66ae-49a4-8703-db262fad3855">
    <Description>These are default test settings for a local test run.</Description>
    <Deployment enabled="false" runDeploymentRoot="Daniyal_TWHRB 2013-07-30 14_00_29">
      <DeploymentItem filename="D:\Work\IMKSDH\New2013\TestingProjects\UnitTesting\NUnitConsoleApplication01\NUnitConsoleApplication01\bin\Debug\NUnitConsoleApplication01.exe" />
    </Deployment>
    <Execution>
      <TestTypeSpecific />
      <AgentRule name="Execution Agents">
      </AgentRule>
    </Execution>
  </TestSettings>
  <Times creation="2013-07-30T14:00:29.2315634-07:00" queuing="2013-07-30T14:00:30.6926470-07:00" start="2013-07-30T14:00:30.8326550-07:00" finish="2013-07-30T14:00:31.6667027-07:00" />
  <ResultSummary outcome="Completed">
    <Counters total="3" executed="3" passed="3" error="0" failed="0" timeout="0" aborted="0" inconclusive="0" passedButRunAborted="0" notRunnable="0" notExecuted="0" disconnected="0" warning="0" completed="0" inProgress="0" pending="0" />
  </ResultSummary>
  <TestDefinitions>
    <UnitTest name="AddTest" storage="d:\work\imksdh\new2013\testingprojects\unittesting\nunitconsoleapplication01\testproject\bin\debug\testproject.dll" id="97457210-4fce-f9b2-5f63-a58484b87828">
      <Execution id="0e235f8b-55f3-4a24-8a16-355d652aa6ed" />
      <TestMethod codeBase="D:/Work/IMKSDH/New2013/TestingProjects/UnitTesting/NUnitConsoleApplication01/TestProject/bin/Debug/TestProject.DLL" adapterTypeName="Microsoft.VisualStudio.TestTools.TestTypes.Unit.UnitTestAdapter, Microsoft.VisualStudio.QualityTools.Tips.UnitTest.Adapter, Version=10.0.0.0, Culture=neutral, PublicKeyToken=b03f5f7f11d50a3a" className="TestProject.UnitTest1, TestProject, Version=1.0.0.0, Culture=neutral, PublicKeyToken=null" name="AddTest" />
    </UnitTest>
    <UnitTest name="SubtractTest" storage="d:\work\imksdh\new2013\testingprojects\unittesting\nunitconsoleapplication01\testproject\bin\debug\testproject.dll" id="acb839a7-5e05-646b-1972-84ccc77e7be0">
      <Execution id="d2ddd4af-f656-4c3e-9a5a-f0bb3f7e4152" />
      <TestMethod codeBase="D:/Work/IMKSDH/New2013/TestingProjects/UnitTesting/NUnitConsoleApplication01/TestProject/bin/Debug/TestProject.DLL" adapterTypeName="Microsoft.VisualStudio.TestTools.TestTypes.Unit.UnitTestAdapter, Microsoft.VisualStudio.QualityTools.Tips.UnitTest.Adapter, Version=10.0.0.0, Culture=neutral, PublicKeyToken=b03f5f7f11d50a3a" className="TestProject.UnitTest1, TestProject, Version=1.0.0.0, Culture=neutral, PublicKeyToken=null" name="SubtractTest" />
    </UnitTest>
    <UnitTest name="TestMethod1" storage="d:\work\imksdh\new2013\testingprojects\unittesting\nunitconsoleapplication01\testproject\bin\debug\testproject.dll" id="24e109b5-ebac-7154-c0d0-91db5c99399f">
      <Execution id="0bd4e14b-ca9b-49e8-a1be-98f88580479b" />
      <TestMethod codeBase="D:/Work/IMKSDH/New2013/TestingProjects/UnitTesting/NUnitConsoleApplication01/TestProject/bin/Debug/TestProject.DLL" adapterTypeName="Microsoft.VisualStudio.TestTools.TestTypes.Unit.UnitTestAdapter, Microsoft.VisualStudio.QualityTools.Tips.UnitTest.Adapter, Version=10.0.0.0, Culture=neutral, PublicKeyToken=b03f5f7f11d50a3a" className="TestProject.UnitTest1, TestProject, Version=1.0.0.0, Culture=neutral, PublicKeyToken=null" name="TestMethod1" />
    </UnitTest>
  </TestDefinitions>
  <TestLists>
    <TestList name="Results Not in a List" id="8c84fa94-04c1-424b-9868-57a2d4851a1d" />
    <TestList name="All Loaded Results" id="19431567-8539-422a-85d7-44ee4e166bda" />
  </TestLists>
  <TestEntries>
    <TestEntry testId="24e109b5-ebac-7154-c0d0-91db5c99399f" executionId="0bd4e14b-ca9b-49e8-a1be-98f88580479b" testListId="8c84fa94-04c1-424b-9868-57a2d4851a1d" />
    <TestEntry testId="97457210-4fce-f9b2-5f63-a58484b87828" executionId="0e235f8b-55f3-4a24-8a16-355d652aa6ed" testListId="8c84fa94-04c1-424b-9868-57a2d4851a1d" />
    <TestEntry testId="acb839a7-5e05-646b-1972-84ccc77e7be0" executionId="d2ddd4af-f656-4c3e-9a5a-f0bb3f7e4152" testListId="8c84fa94-04c1-424b-9868-57a2d4851a1d" />
  </TestEntries>
  <Results>
    <UnitTestResult executionId="0bd4e14b-ca9b-49e8-a1be-98f88580479b" testId="24e109b5-ebac-7154-c0d0-91db5c99399f" testName="TestMethod1" computerName="TWHRB" duration="00:00:00.0269247" startTime="2013-07-30T14:00:30.8786576-07:00" endTime="2013-07-30T14:00:31.5476959-07:00" testType="13cdc9d9-ddb5-4fa4-a97d-d965ccfc6d4b" outcome="Passed" testListId="8c84fa94-04c1-424b-9868-57a2d4851a1d" relativeResultsDirectory="0bd4e14b-ca9b-49e8-a1be-98f88580479b">
    </UnitTestResult>
    <UnitTestResult executionId="0e235f8b-55f3-4a24-8a16-355d652aa6ed" testId="97457210-4fce-f9b2-5f63-a58484b87828" testName="AddTest" computerName="TWHRB" duration="00:00:00.0048905" startTime="2013-07-30T14:00:31.5526962-07:00" endTime="2013-07-30T14:00:31.5626967-07:00" testType="13cdc9d9-ddb5-4fa4-a97d-d965ccfc6d4b" outcome="Passed" testListId="8c84fa94-04c1-424b-9868-57a2d4851a1d" relativeResultsDirectory="0e235f8b-55f3-4a24-8a16-355d652aa6ed">
    </UnitTestResult>
    <UnitTestResult executionId="d2ddd4af-f656-4c3e-9a5a-f0bb3f7e4152" testId="acb839a7-5e05-646b-1972-84ccc77e7be0" testName="SubtractTest" computerName="TWHRB" duration="00:00:00.0003528" startTime="2013-07-30T14:00:31.5736974-07:00" endTime="2013-07-30T14:00:31.5816978-07:00" testType="13cdc9d9-ddb5-4fa4-a97d-d965ccfc6d4b" outcome="Passed" testListId="8c84fa94-04c1-424b-9868-57a2d4851a1d" relativeResultsDirectory="d2ddd4af-f656-4c3e-9a5a-f0bb3f7e4152">
    </UnitTestResult>
  </Results>
</TestRun>