<?xml version="1.0" encoding="utf-8" standalone="no"?>
<!--This file represents the results of running a test suite-->
<test-results name="D:\Work\IMKSDH\New2013\TestingProjects\UnitTesting\NUnitConsoleApplication01\Testing.Test\bin\Debug\Testing.Test.dll" total="2" errors="0" failures="0" not-run="0" inconclusive="0" ignored="0" skipped="0" invalid="0" date="2013-07-30" time="11:20:11">
  <environment nunit-version="2.6.2.12296" clr-version="2.0.50727.5472" os-version="Microsoft Windows NT 6.1.7601 Service Pack 1" platform="Win32NT" cwd="C:\Windows\system32" machine-name="TWHRB" user="Daniyal" user-domain="TWHRB" />
  <culture-info current-culture="en-US" current-uiculture="en-US" />
  <test-suite type="Assembly" name="D:\Work\IMKSDH\New2013\TestingProjects\UnitTesting\NUnitConsoleApplication01\Testing.Test\bin\Debug\Testing.Test.dll" executed="True" result="Success" success="True" time="0.152" asserts="0">
    <results>
      <test-suite type="Namespace" name="Testing" executed="True" result="Success" success="True" time="0.125" asserts="0">
        <results>
          <test-suite type="Namespace" name="Test" executed="True" result="Success" success="True" time="0.124" asserts="0">
            <results>
              <test-suite type="TestFixture" name="TestClass" executed="True" result="Success" success="True" time="0.122" asserts="0">
                <results>
                  <test-suite type="ParameterizedTest" name="AddTest" executed="True" result="Success" success="True" time="0.089" asserts="0">
                    <results>
                      <test-case name="Testing.Test.TestClass.AddTest()" executed="True" result="Success" success="True" time="0.073" asserts="1" />
                    </results>
                  </test-suite>
                  <test-suite type="ParameterizedTest" name="SubtractTest" executed="True" result="Success" success="True" time="0.002" asserts="0">
                    <results>
                      <test-case name="Testing.Test.TestClass.SubtractTest()" executed="True" result="Success" success="True" time="0.001" asserts="1" />
                    </results>
                  </test-suite>
                </results>
              </test-suite>
            </results>
          </test-suite>
        </results>
      </test-suite>
    </results>
  </test-suite>
</test-results>